<?xml version="1.0" encoding="UTF-8"?>
<!-- Generated by org.testng.reporters.JUnitReportReporter -->
<testsuite skipped="0" hostname="HP" name="calculator.MathFunctions" tests="3" failures="0" timestamp="2020-06-21T21:58:59 IST" time="0.038" errors="0">
  <testcase name="mod" time="0.000" classname="calculator.MathFunctions"/>
  <system-out/>
  <testcase name="mod" time="0.000" classname="calculator.MathFunctions"/>
  <system-out/>
  <testcase name="mod" time="0.038" classname="calculator.MathFunctions"/>
  <system-out/>
</testsuite> <!-- calculator.MathFunctions -->
