<?xml version="1.0" encoding="UTF-8"?>
<!-- Generated by org.testng.reporters.JUnitReportReporter -->
<testsuite skipped="0" hostname="HP" name="calculator.Arithmetic" tests="4" failures="0" timestamp="2020-06-21T21:58:59 IST" time="0.120" errors="0">
  <testcase name="subtract" time="0.046" classname="calculator.Arithmetic"/>
  <system-out/>
  <testcase name="Multiplication" time="0.016" classname="calculator.Arithmetic"/>
  <system-out/>
  <testcase name="subtract" time="0.028" classname="calculator.Arithmetic"/>
  <system-out/>
  <testcase name="subtract" time="0.030" classname="calculator.Arithmetic"/>
  <system-out/>
</testsuite> <!-- calculator.Arithmetic -->
