<?xml version="1.0" encoding="UTF-8"?>
<!-- Generated by org.testng.reporters.JUnitReportReporter -->
<testsuite skipped="0" hostname="HP" name="calculator.Arithmetic" tests="14" failures="0" timestamp="2020-07-06T16:56:09 IST" time="0.164" errors="0">
  <testcase name="DivInt" time="0.006" classname="calculator.Arithmetic"/>
  <system-out>
Numbers divided successfully and The Integer division value is 30  </system-out>
  <testcase name="add" time="0.004" classname="calculator.Arithmetic"/>
  <system-out>
Numbers added successfully and The sum is : 30  </system-out>
  <testcase name="DivInt" time="0.057" classname="calculator.Arithmetic"/>
  <system-out>
Numbers divided successfully and The Integer division value is 0  </system-out>
  <testcase name="Multiplication" time="0.010" classname="calculator.Arithmetic"/>
  <system-out>
Numbers multiplied successfully and The Multiplication is :15  </system-out>
  <testcase name="MultiplicationUsingAdd" time="0.012" classname="calculator.Arithmetic"/>
  <system-out>
Numbers multiplied successfully and The Multiplication is :3  </system-out>
  <testcase name="subtract" time="0.007" classname="calculator.Arithmetic"/>
  <system-out>
Numbers subtaracted successfully and The difference is : 33  </system-out>
  <testcase name="subtract" time="0.004" classname="calculator.Arithmetic"/>
  <system-out>
Numbers subtaracted successfully and The difference is : 4  </system-out>
  <testcase name="add" time="0.005" classname="calculator.Arithmetic"/>
  <system-out/>
  <testcase name="subtract" time="0.006" classname="calculator.Arithmetic"/>
  <system-out>
Numbers subtaracted successfully and The difference is : 974  </system-out>
  <testcase name="add" time="0.010" classname="calculator.Arithmetic"/>
  <system-out/>
  <testcase name="add" time="0.011" classname="calculator.Arithmetic"/>
  <system-out>
Numbers added successfully and The sum is : 8  </system-out>
  <testcase name="add" time="0.005" classname="calculator.Arithmetic"/>
  <system-out>
Numbers added successfully and The sum is : 100  </system-out>
  <testcase name="add" time="0.006" classname="calculator.Arithmetic"/>
  <system-out/>
  <testcase name="DivInt" time="0.021" classname="calculator.Arithmetic"/>
  <system-out>
Numbers divided successfully and The Integer division value is 1  </system-out>
</testsuite> <!-- calculator.Arithmetic -->
