<?xml version="1.0" encoding="UTF-8"?>
<!-- Generated by org.testng.reporters.JUnitReportReporter -->
<testsuite skipped="0" hostname="HP" name="calculator.MathFunctions" tests="7" failures="0" timestamp="2020-07-06T17:01:44 IST" time="0.038" errors="0">
  <testcase name="mod" time="0.001" classname="calculator.MathFunctions"/>
  <system-out>
The modulus value is: 0  </system-out>
  <testcase name="inverse" time="0.005" classname="calculator.MathFunctions"/>
  <system-out>
The negative value is : -5  </system-out>
  <testcase name="exp" time="0.003" classname="calculator.MathFunctions"/>
  <system-out>
The power value is : 3025.6672459330484  </system-out>
  <testcase name="mod" time="0.001" classname="calculator.MathFunctions"/>
  <system-out>
The modulus value is: 6  </system-out>
  <testcase name="exp" time="0.004" classname="calculator.MathFunctions"/>
  <system-out>
The power value is : 2.909595305722029E46  </system-out>
  <testcase name="exp" time="0.023" classname="calculator.MathFunctions"/>
  <system-out>
The power value is : 2.1710862763428168E13  </system-out>
  <testcase name="mod" time="0.001" classname="calculator.MathFunctions"/>
  <system-out>
The modulus value is: 9  </system-out>
</testsuite> <!-- calculator.MathFunctions -->
