<?xml version="1.0" encoding="UTF-8"?>
<!-- Generated by org.testng.reporters.JUnitReportReporter -->
<testsuite skipped="0" hostname="HP" name="calculator.Arithmetic" tests="14" failures="0" timestamp="2020-07-06T17:01:44 IST" time="0.034" errors="0">
  <testcase name="add" time="0.002" classname="calculator.Arithmetic"/>
  <system-out>
Numbers added successfully and The sum is : 8  </system-out>
  <testcase name="DivInt" time="0.016" classname="calculator.Arithmetic"/>
  <system-out>
Numbers divided successfully and The Integer division value is 0  </system-out>
  <testcase name="add" time="0.000" classname="calculator.Arithmetic"/>
  <system-out>
Numbers added successfully and The sum is : 30  </system-out>
  <testcase name="add" time="0.000" classname="calculator.Arithmetic"/>
  <system-out>
Numbers added successfully and The sum is : 100  </system-out>
  <testcase name="DivInt" time="0.001" classname="calculator.Arithmetic"/>
  <system-out>
Numbers divided successfully and The Integer division value is 30  </system-out>
  <testcase name="subtract" time="0.005" classname="calculator.Arithmetic"/>
  <system-out>
Numbers subtaracted successfully and The difference is : 33  </system-out>
  <testcase name="subtract" time="0.001" classname="calculator.Arithmetic"/>
  <system-out>
Numbers subtaracted successfully and The difference is : 4  </system-out>
  <testcase name="MultiplicationUsingAdd" time="0.003" classname="calculator.Arithmetic"/>
  <system-out>
Numbers multiplied successfully and The Multiplication is :3  </system-out>
  <testcase name="add" time="0.001" classname="calculator.Arithmetic"/>
  <system-out/>
  <testcase name="DivInt" time="0.000" classname="calculator.Arithmetic"/>
  <system-out>
Numbers divided successfully and The Integer division value is 1  </system-out>
  <testcase name="add" time="0.001" classname="calculator.Arithmetic"/>
  <system-out/>
  <testcase name="Multiplication" time="0.001" classname="calculator.Arithmetic"/>
  <system-out>
Numbers multiplied successfully and The Multiplication is :15  </system-out>
  <testcase name="subtract" time="0.002" classname="calculator.Arithmetic"/>
  <system-out>
Numbers subtaracted successfully and The difference is : 974  </system-out>
  <testcase name="add" time="0.001" classname="calculator.Arithmetic"/>
  <system-out/>
</testsuite> <!-- calculator.Arithmetic -->
